<?xml version="1.0" encoding="UTF-8"?>
<!-- Generated by org.testng.reporters.JUnitReportReporter -->
<testsuite hostname="Sarwan-LAPTOP" failures="0" tests="1" name="Com.Tetstng.sample" time="0.001" errors="0" timestamp="2023-01-20T21:09:58 IST" skipped="0">
  <testcase classname="Com.Tetstng.sample" name="test" time="0.001"/>
  <system-out/>
</testsuite> <!-- Com.Tetstng.sample -->
