<?xml version="1.0" encoding="UTF-8"?>
<!-- Generated by org.testng.reporters.JUnitReportReporter -->
<testsuite hostname="Sarwan-LAPTOP" failures="0" tests="1" name="Com.Tetstng.Depsample" time="0.004" errors="0" timestamp="2023-01-20T21:34:28 IST" skipped="0">
  <testcase classname="Com.Tetstng.Depsample" name="test467" time="0.004"/>
  <system-out/>
</testsuite> <!-- Com.Tetstng.Depsample -->
