<?xml version="1.0" encoding="UTF-8"?>
<!-- Generated by org.testng.reporters.JUnitReportReporter -->
<testsuite hostname="Sarwan-LAPTOP" failures="0" tests="4" name="Com.Tetstng.Dep1sample" time="0.012" errors="0" timestamp="2023-01-20T21:42:37 IST" skipped="0">
  <testcase classname="Com.Tetstng.Dep1sample" name="test20" time="0.001"/>
  <system-out/>
  <testcase classname="Com.Tetstng.Dep1sample" name="test3" time="0.002"/>
  <system-out/>
  <testcase classname="Com.Tetstng.Dep1sample" name="test4" time="0.001"/>
  <system-out/>
  <testcase classname="Com.Tetstng.Dep1sample" name="test123" time="0.008"/>
  <system-out/>
</testsuite> <!-- Com.Tetstng.Dep1sample -->
