<?xml version="1.0" encoding="UTF-8"?>
<!-- Generated by org.testng.reporters.JUnitReportReporter -->
<testsuite hostname="Sarwan-LAPTOP" failures="0" tests="4" name="Com.Tetstng.NewSample" time="0.005" errors="0" timestamp="2023-01-20T21:11:05 IST" skipped="1">
  <testcase classname="Com.Tetstng.NewSample" name="test320" time="0.002"/>
  <system-out/>
  <testcase classname="Com.Tetstng.NewSample" name="test123" time="0.002"/>
  <system-out/>
  <testcase classname="Com.Tetstng.NewSample" name="test321" time="0.001"/>
  <system-out/>
  <testcase classname="Com.Tetstng.NewSample" name="test467">
    <skipped/>
  </testcase> <!-- test467 -->
  <system-out/>
</testsuite> <!-- Com.Tetstng.NewSample -->
